{"uuid":"cc53d3fc-d1ac-4674-a495-bffd925ed6ba","historyId":"9dc6601ec91d9a5e161c179a2730f547","testCaseId":"801a23454c0fe86e01e749ff92aa5e68","fullName":"src/test/resources/Features/ProviderForm.feature:14","labels":[{"name":"host","value":"Maeva-PC"},{"name":"thread","value":"70084@Maeva-PC.main(1)"},{"name":"feature","value":"feature to test the provider form functionalities"},{"name":"story","value":"Validate modify provider is working"},{"name":"suite","value":"feature to test the provider form functionalities"},{"name":"testClass","value":"Validate modify provider is working"},{"name":"framework","value":"cucumber4jvm"},{"name":"language","value":"java"},{"name":"gherkin_uri","value":"file:///D:/inet/New/Projet-Selenium-Cucumber-CloudBank-master/src/test/resources/Features/ProviderForm.feature"},{"name":"package","value":"src.test.resources.Features.ProviderForm_feature.feature to test the provider form functionalities"}],"links":[],"name":"Validate modify provider is working","status":"broken","statusDetails":{"known":false,"muted":false,"flaky":false,"message":"Expected condition failed: waiting for element to be clickable: [[ChromeDriver: chrome on windows (43c5b47609544b65e1720466a3e7ffac)] -> id: btModificationGen] (tried for 200 second(s) with 500 milliseconds interval)\nBuild info: version: '4.17.0', revision: 'e52b1be057*'\nSystem info: os.name: 'Windows 10', os.arch: 'amd64', os.version: '10.0', java.version: '18.0.2.1'\nDriver info: org.openqa.selenium.chrome.ChromeDriver\nCapabilities {acceptInsecureCerts: false, browserName: chrome, browserVersion: 123.0.6312.86, chrome: {chromedriverVersion: 123.0.6312.86 (9b72c47a0536..., userDataDir: C:\\Users\\pc\\AppData\\Local\\T...}, fedcm:accounts: true, goog:chromeOptions: {debuggerAddress: localhost:53677}, networkConnectionEnabled: false, pageLoadStrategy: normal, platformName: windows, proxy: Proxy(), se:cdp: ws://localhost:53677/devtoo..., se:cdpVersion: 123.0.6312.86, setWindowRect: true, strictFileInteractability: false, timeouts: {implicit: 0, pageLoad: 300000, script: 30000}, unhandledPromptBehavior: dismiss and notify, webauthn:extension:credBlob: true, webauthn:extension:largeBlob: true, webauthn:extension:minPinLength: true, webauthn:extension:prf: true, webauthn:virtualAuthenticators: true}\nSession ID: 43c5b47609544b65e1720466a3e7ffac","trace":"org.openqa.selenium.TimeoutException: Expected condition failed: waiting for element to be clickable: [[ChromeDriver: chrome on windows (43c5b47609544b65e1720466a3e7ffac)] -> id: btModificationGen] (tried for 200 second(s) with 500 milliseconds interval)\nBuild info: version: '4.17.0', revision: 'e52b1be057*'\nSystem info: os.name: 'Windows 10', os.arch: 'amd64', os.version: '10.0', java.version: '18.0.2.1'\nDriver info: org.openqa.selenium.chrome.ChromeDriver\nCapabilities {acceptInsecureCerts: false, browserName: chrome, browserVersion: 123.0.6312.86, chrome: {chromedriverVersion: 123.0.6312.86 (9b72c47a0536..., userDataDir: C:\\Users\\pc\\AppData\\Local\\T...}, fedcm:accounts: true, goog:chromeOptions: {debuggerAddress: localhost:53677}, networkConnectionEnabled: false, pageLoadStrategy: normal, platformName: windows, proxy: Proxy(), se:cdp: ws://localhost:53677/devtoo..., se:cdpVersion: 123.0.6312.86, setWindowRect: true, strictFileInteractability: false, timeouts: {implicit: 0, pageLoad: 300000, script: 30000}, unhandledPromptBehavior: dismiss and notify, webauthn:extension:credBlob: true, webauthn:extension:largeBlob: true, webauthn:extension:minPinLength: true, webauthn:extension:prf: true, webauthn:virtualAuthenticators: true}\nSession ID: 43c5b47609544b65e1720466a3e7ffac\r\n\tat org.openqa.selenium.support.ui.WebDriverWait.timeoutException(WebDriverWait.java:84)\r\n\tat org.openqa.selenium.support.ui.FluentWait.until(FluentWait.java:228)\r\n\tat pages.CreationFournisseurPage.clickOnBtnModificationForm(CreationFournisseurPage.java:298)\r\n\tat stepDefinitions.CreationFournisseurSteps.user_goes_to_the_page_of_modifications(CreationFournisseurSteps.java:164)\r\n\tat ✽.user goes to the page of modifications(file:///D:/inet/New/Projet-Selenium-Cucumber-CloudBank-master/src/test/resources/Features/ProviderForm.feature:15)\r\n"},"stage":"finished","steps":[{"name":"Given user goes to the page of modifications","status":"broken","statusDetails":{"known":false,"muted":false,"flaky":false,"message":"Expected condition failed: waiting for element to be clickable: [[ChromeDriver: chrome on windows (43c5b47609544b65e1720466a3e7ffac)] -> id: btModificationGen] (tried for 200 second(s) with 500 milliseconds interval)\nBuild info: version: '4.17.0', revision: 'e52b1be057*'\nSystem info: os.name: 'Windows 10', os.arch: 'amd64', os.version: '10.0', java.version: '18.0.2.1'\nDriver info: org.openqa.selenium.chrome.ChromeDriver\nCapabilities {acceptInsecureCerts: false, browserName: chrome, browserVersion: 123.0.6312.86, chrome: {chromedriverVersion: 123.0.6312.86 (9b72c47a0536..., userDataDir: C:\\Users\\pc\\AppData\\Local\\T...}, fedcm:accounts: true, goog:chromeOptions: {debuggerAddress: localhost:53677}, networkConnectionEnabled: false, pageLoadStrategy: normal, platformName: windows, proxy: Proxy(), se:cdp: ws://localhost:53677/devtoo..., se:cdpVersion: 123.0.6312.86, setWindowRect: true, strictFileInteractability: false, timeouts: {implicit: 0, pageLoad: 300000, script: 30000}, unhandledPromptBehavior: dismiss and notify, webauthn:extension:credBlob: true, webauthn:extension:largeBlob: true, webauthn:extension:minPinLength: true, webauthn:extension:prf: true, webauthn:virtualAuthenticators: true}\nSession ID: 43c5b47609544b65e1720466a3e7ffac","trace":"org.openqa.selenium.TimeoutException: Expected condition failed: waiting for element to be clickable: [[ChromeDriver: chrome on windows (43c5b47609544b65e1720466a3e7ffac)] -> id: btModificationGen] (tried for 200 second(s) with 500 milliseconds interval)\nBuild info: version: '4.17.0', revision: 'e52b1be057*'\nSystem info: os.name: 'Windows 10', os.arch: 'amd64', os.version: '10.0', java.version: '18.0.2.1'\nDriver info: org.openqa.selenium.chrome.ChromeDriver\nCapabilities {acceptInsecureCerts: false, browserName: chrome, browserVersion: 123.0.6312.86, chrome: {chromedriverVersion: 123.0.6312.86 (9b72c47a0536..., userDataDir: C:\\Users\\pc\\AppData\\Local\\T...}, fedcm:accounts: true, goog:chromeOptions: {debuggerAddress: localhost:53677}, networkConnectionEnabled: false, pageLoadStrategy: normal, platformName: windows, proxy: Proxy(), se:cdp: ws://localhost:53677/devtoo..., se:cdpVersion: 123.0.6312.86, setWindowRect: true, strictFileInteractability: false, timeouts: {implicit: 0, pageLoad: 300000, script: 30000}, unhandledPromptBehavior: dismiss and notify, webauthn:extension:credBlob: true, webauthn:extension:largeBlob: true, webauthn:extension:minPinLength: true, webauthn:extension:prf: true, webauthn:virtualAuthenticators: true}\nSession ID: 43c5b47609544b65e1720466a3e7ffac\r\n\tat org.openqa.selenium.support.ui.WebDriverWait.timeoutException(WebDriverWait.java:84)\r\n\tat org.openqa.selenium.support.ui.FluentWait.until(FluentWait.java:228)\r\n\tat pages.CreationFournisseurPage.clickOnBtnModificationForm(CreationFournisseurPage.java:298)\r\n\tat stepDefinitions.CreationFournisseurSteps.user_goes_to_the_page_of_modifications(CreationFournisseurSteps.java:164)\r\n\tat ✽.user goes to the page of modifications(file:///D:/inet/New/Projet-Selenium-Cucumber-CloudBank-master/src/test/resources/Features/ProviderForm.feature:15)\r\n"},"stage":"finished","steps":[],"attachments":[],"parameters":[],"start":1711972120204,"stop":1711972320502},{"name":"When user searches for the provider to modify","status":"skipped","statusDetails":{"known":false,"muted":false,"flaky":false},"stage":"finished","steps":[],"attachments":[],"parameters":[],"start":1711972320504,"stop":1711972320505},{"name":"And modify the informations","status":"skipped","statusDetails":{"known":false,"muted":false,"flaky":false},"stage":"finished","steps":[],"attachments":[],"parameters":[],"start":1711972320505,"stop":1711972320505},{"name":"And validate the informations","status":"skipped","statusDetails":{"known":false,"muted":false,"flaky":false},"stage":"finished","steps":[],"attachments":[],"parameters":[],"start":1711972320505,"stop":1711972320505},{"name":"Then user returns to the empty form","status":"skipped","statusDetails":{"known":false,"muted":false,"flaky":false},"stage":"finished","steps":[],"attachments":[],"parameters":[],"start":1711972320505,"stop":1711972320506}],"attachments":[],"parameters":[],"start":1711972120204,"stop":1711972320782}