-------------------------------------------------------------------------------
Test set: StepDefinitions.TestRunner
-------------------------------------------------------------------------------
Tests run: 2, Failures: 1, Errors: 0, Skipped: 0, Time elapsed: 132.669 s <<< FAILURE! - in StepDefinitions.TestRunner
runScenario(StepDefinitions.TestRunner)  Time elapsed: 0.154 s  <<< FAILURE!
java.lang.NullPointerException: Cannot invoke "org.openqa.selenium.SearchContext.findElement(org.openqa.selenium.By)" because "this.searchContext" is null

