<?xml version="1.0" encoding="UTF-8"?>
<!-- Generated by org.testng.reporters.JUnitReportReporter -->
<testsuite hostname="Maéva" failures="0" tests="2" name="StepDefinitions.TestRunner" time="0.153" errors="1" timestamp="2024-03-17T21:20:18 WAT" skipped="0">
  <testcase classname="StepDefinitions.TestRunner" name="runScenario" time="0.049">
    <error message="Cannot invoke &quot;org.openqa.selenium.SearchContext.findElement(org.openqa.selenium.By)&quot; because &quot;this.searchContext&quot; is null" type="java.lang.NullPointerException">
      <![CDATA[java.lang.NullPointerException: Cannot invoke "org.openqa.selenium.SearchContext.findElement(org.openqa.selenium.By)" because "this.searchContext" is null
at org.openqa.selenium.support.pagefactory.DefaultElementLocator.findElement(DefaultElementLocator.java:68)
at org.openqa.selenium.support.pagefactory.internal.LocatingElementHandler.invoke(LocatingElementHandler.java:38)
at jdk.proxy2/jdk.proxy2.$Proxy25.sendKeys(Unknown Source)
at pages.LoginPage.enterId(LoginPage.java:29)
at StepDefinitions.LoginSteps.user_enters_username_and_password(LoginSteps.java:26)
at ✽.user enters sa and Sa@123(file:///D:/inet/WorkspaceTests/src/test/resources/Features/login.feature:7)
]]>
    </error>
  </testcase> <!-- runScenario -->
  <testcase classname="StepDefinitions.TestRunner" name="runScenario" time="0.104"/>
</testsuite> <!-- StepDefinitions.TestRunner -->
